This file contains any messages produced by compilers while
running configure, to aid debugging if configure makes a mistake.

It was created by configure, which was
generated by GNU Autoconf 2.69.  Invocation command line was

  $ ./configure --with-php-config=/usr/bin/php-config --with-icu-dir=/home/ubuntu/icu58

## --------- ##
## Platform. ##
## --------- ##

hostname = ip-172-31-29-243
uname -m = x86_64
uname -r = 3.13.0-107-generic
uname -s = Linux
uname -v = #154-Ubuntu SMP Tue Dec 20 09:57:27 UTC 2016

/usr/bin/uname -p = unknown
/bin/uname -X     = unknown

/bin/arch              = unknown
/usr/bin/arch -k       = unknown
/usr/convex/getsysinfo = unknown
/usr/bin/hostinfo      = unknown
/bin/machine           = unknown
/usr/bin/oslevel       = unknown
/bin/universe          = unknown

PATH: /home/ubuntu/.npm-global/bin
PATH: /usr/local/bin
PATH: /usr/bin
PATH: /bin
PATH: /usr/local/games
PATH: /usr/games
PATH: /usr/lib/jvm/java-8-oracle/bin
PATH: /usr/lib/jvm/java-8-oracle/db/bin
PATH: /usr/lib/jvm/java-8-oracle/jre/bin


## ----------- ##
## Core tests. ##
## ----------- ##

configure:2212: checking for grep that handles long lines and -e
configure:2270: result: /bin/grep
configure:2275: checking for egrep
configure:2337: result: /bin/grep -E
configure:2342: checking for a sed that does not truncate output
configure:2406: result: /bin/sed
configure:2545: checking for cc
configure:2561: found /usr/bin/cc
configure:2572: result: cc
configure:2603: checking for C compiler version
configure:2612: cc --version >&5
cc (Ubuntu 4.8.4-2ubuntu1~14.04.4) 4.8.4
Copyright (C) 2013 Free Software Foundation, Inc.
This is free software; see the source for copying conditions.  There is NO
warranty; not even for MERCHANTABILITY or FITNESS FOR A PARTICULAR PURPOSE.

configure:2623: $? = 0
configure:2612: cc -v >&5
Using built-in specs.
COLLECT_GCC=cc
COLLECT_LTO_WRAPPER=/usr/lib/gcc/x86_64-linux-gnu/4.8/lto-wrapper
Target: x86_64-linux-gnu
Configured with: ../src/configure -v --with-pkgversion='Ubuntu 4.8.4-2ubuntu1~14.04.4' --with-bugurl=file:///usr/share/doc/gcc-4.8/README.Bugs --enable-languages=c,c++,java,go,d,fortran,objc,obj-c++ --prefix=/usr --program-suffix=-4.8 --enable-shared --enable-linker-build-id --libexecdir=/usr/lib --without-included-gettext --enable-threads=posix --with-gxx-include-dir=/usr/include/c++/4.8 --libdir=/usr/lib --enable-nls --with-sysroot=/ --enable-clocale=gnu --enable-libstdcxx-debug --enable-libstdcxx-time=yes --enable-gnu-unique-object --disable-libmudflap --enable-plugin --with-system-zlib --disable-browser-plugin --enable-java-awt=gtk --enable-gtk-cairo --with-java-home=/usr/lib/jvm/java-1.5.0-gcj-4.8-amd64/jre --enable-java-home --with-jvm-root-dir=/usr/lib/jvm/java-1.5.0-gcj-4.8-amd64 --with-jvm-jar-dir=/usr/lib/jvm-exports/java-1.5.0-gcj-4.8-amd64 --with-arch-directory=amd64 --with-ecj-jar=/usr/share/java/eclipse-ecj.jar --enable-objc-gc --enable-multiarch --disable-werror --with-arch-32=i686 --with-abi=m64 --with-multilib-list=m32,m64,mx32 --with-tune=generic --enable-checking=release --build=x86_64-linux-gnu --host=x86_64-linux-gnu --target=x86_64-linux-gnu
Thread model: posix
gcc version 4.8.4 (Ubuntu 4.8.4-2ubuntu1~14.04.4) 
configure:2623: $? = 0
configure:2612: cc -V >&5
cc: error: unrecognized command line option '-V'
cc: fatal error: no input files
compilation terminated.
configure:2623: $? = 4
configure:2612: cc -qversion >&5
cc: error: unrecognized command line option '-qversion'
cc: fatal error: no input files
compilation terminated.
configure:2623: $? = 4
configure:2643: checking whether the C compiler works
configure:2665: cc    conftest.c  >&5
configure:2669: $? = 0
configure:2717: result: yes
configure:2720: checking for C compiler default output file name
configure:2722: result: a.out
configure:2728: checking for suffix of executables
configure:2735: cc -o conftest    conftest.c  >&5
configure:2739: $? = 0
configure:2761: result: 
configure:2783: checking whether we are cross compiling
configure:2791: cc -o conftest    conftest.c  >&5
configure:2795: $? = 0
configure:2802: ./conftest
configure:2806: $? = 0
configure:2821: result: no
configure:2826: checking for suffix of object files
configure:2848: cc -c   conftest.c >&5
configure:2852: $? = 0
configure:2873: result: o
configure:2877: checking whether we are using the GNU C compiler
configure:2896: cc -c   conftest.c >&5
configure:2896: $? = 0
configure:2905: result: yes
configure:2914: checking whether cc accepts -g
configure:2934: cc -c -g  conftest.c >&5
configure:2934: $? = 0
configure:2975: result: yes
configure:2992: checking for cc option to accept ISO C89
configure:3055: cc  -c -g -O2  conftest.c >&5
configure:3055: $? = 0
configure:3068: result: none needed
configure:3094: checking how to run the C preprocessor
configure:3125: cc -E  conftest.c
configure:3125: $? = 0
configure:3139: cc -E  conftest.c
conftest.c:9:28: fatal error: ac_nonexistent.h: No such file or directory
 #include <ac_nonexistent.h>
                            ^
compilation terminated.
configure:3139: $? = 1
configure: failed program was:
| /* confdefs.h */
| #define PACKAGE_NAME ""
| #define PACKAGE_TARNAME ""
| #define PACKAGE_VERSION ""
| #define PACKAGE_STRING ""
| #define PACKAGE_BUGREPORT ""
| #define PACKAGE_URL ""
| /* end confdefs.h.  */
| #include <ac_nonexistent.h>
configure:3164: result: cc -E
configure:3184: cc -E  conftest.c
configure:3184: $? = 0
configure:3198: cc -E  conftest.c
conftest.c:9:28: fatal error: ac_nonexistent.h: No such file or directory
 #include <ac_nonexistent.h>
                            ^
compilation terminated.
configure:3198: $? = 1
configure: failed program was:
| /* confdefs.h */
| #define PACKAGE_NAME ""
| #define PACKAGE_TARNAME ""
| #define PACKAGE_VERSION ""
| #define PACKAGE_STRING ""
| #define PACKAGE_BUGREPORT ""
| #define PACKAGE_URL ""
| /* end confdefs.h.  */
| #include <ac_nonexistent.h>
configure:3229: checking for icc
configure:3238: result: no
configure:3252: checking for suncc
configure:3261: result: no
configure:3279: checking whether cc understands -c and -o together
configure:3307: cc -c conftest.c -o conftest2.o >&5
configure:3311: $? = 0
configure:3317: cc -c conftest.c -o conftest2.o >&5
configure:3321: $? = 0
configure:3376: result: yes
configure:3390: checking for system library directory
configure:3405: result: lib
configure:3412: checking if compiler supports -R
configure:3431: cc -o conftest -g -O2   conftest.c -R /usr/lib  >&5
cc: error: unrecognized command line option '-R'
configure:3431: $? = 1
configure: failed program was:
| /* confdefs.h */
| #define PACKAGE_NAME ""
| #define PACKAGE_TARNAME ""
| #define PACKAGE_VERSION ""
| #define PACKAGE_STRING ""
| #define PACKAGE_BUGREPORT ""
| #define PACKAGE_URL ""
| /* end confdefs.h.  */
| 
| int
| main ()
| {
| 
|   ;
|   return 0;
| }
configure:3441: result: no
configure:3446: checking if compiler supports -Wl,-rpath,
configure:3465: cc -o conftest -g -O2   conftest.c -Wl,-rpath,/usr/lib  >&5
configure:3465: $? = 0
configure:3475: result: yes
configure:3520: checking build system type
configure:3534: result: x86_64-unknown-linux-gnu
configure:3554: checking host system type
configure:3567: result: x86_64-unknown-linux-gnu
configure:3587: checking target system type
configure:3600: result: x86_64-unknown-linux-gnu
configure:3703: checking for PHP prefix
configure:3705: result: /usr
configure:3707: checking for PHP includes
configure:3709: result: -I/usr/include/php/20160303 -I/usr/include/php/20160303/main -I/usr/include/php/20160303/TSRM -I/usr/include/php/20160303/Zend -I/usr/include/php/20160303/ext -I/usr/include/php/20160303/ext/date/lib
configure:3711: checking for PHP extension directory
configure:3713: result: /usr/lib/php/20160303
configure:3715: checking for PHP installed headers prefix
configure:3717: result: /usr/include/php/20160303
configure:3720: checking if debug is enabled
configure:3746: result: no
configure:3749: checking if zts is enabled
configure:3775: result: no
configure:3846: checking for re2c
configure:3876: result: no
configure:3901: WARNING: You will need re2c 0.13.4 or later if you want to regenerate PHP parsers.
configure:3915: checking for gawk
configure:3932: found /usr/bin/gawk
configure:3943: result: gawk
configure:3987: checking whether to enable internationalization support
configure:4026: result: yes, shared
configure:4107: checking for location of ICU headers and libraries
configure:4116: result: /home/ubuntu/icu58
configure:4119: checking for ICU 4.0 or greater
configure:4127: result: found 58.2
configure:4333: checking for g++
configure:4349: found /usr/bin/g++
configure:4360: result: g++
configure:4387: checking for C++ compiler version
configure:4396: g++ --version >&5
g++ (Ubuntu 4.8.4-2ubuntu1~14.04.4) 4.8.4
Copyright (C) 2013 Free Software Foundation, Inc.
This is free software; see the source for copying conditions.  There is NO
warranty; not even for MERCHANTABILITY or FITNESS FOR A PARTICULAR PURPOSE.

configure:4407: $? = 0
configure:4396: g++ -v >&5
Using built-in specs.
COLLECT_GCC=g++
COLLECT_LTO_WRAPPER=/usr/lib/gcc/x86_64-linux-gnu/4.8/lto-wrapper
Target: x86_64-linux-gnu
Configured with: ../src/configure -v --with-pkgversion='Ubuntu 4.8.4-2ubuntu1~14.04.4' --with-bugurl=file:///usr/share/doc/gcc-4.8/README.Bugs --enable-languages=c,c++,java,go,d,fortran,objc,obj-c++ --prefix=/usr --program-suffix=-4.8 --enable-shared --enable-linker-build-id --libexecdir=/usr/lib --without-included-gettext --enable-threads=posix --with-gxx-include-dir=/usr/include/c++/4.8 --libdir=/usr/lib --enable-nls --with-sysroot=/ --enable-clocale=gnu --enable-libstdcxx-debug --enable-libstdcxx-time=yes --enable-gnu-unique-object --disable-libmudflap --enable-plugin --with-system-zlib --disable-browser-plugin --enable-java-awt=gtk --enable-gtk-cairo --with-java-home=/usr/lib/jvm/java-1.5.0-gcj-4.8-amd64/jre --enable-java-home --with-jvm-root-dir=/usr/lib/jvm/java-1.5.0-gcj-4.8-amd64 --with-jvm-jar-dir=/usr/lib/jvm-exports/java-1.5.0-gcj-4.8-amd64 --with-arch-directory=amd64 --with-ecj-jar=/usr/share/java/eclipse-ecj.jar --enable-objc-gc --enable-multiarch --disable-werror --with-arch-32=i686 --with-abi=m64 --with-multilib-list=m32,m64,mx32 --with-tune=generic --enable-checking=release --build=x86_64-linux-gnu --host=x86_64-linux-gnu --target=x86_64-linux-gnu
Thread model: posix
gcc version 4.8.4 (Ubuntu 4.8.4-2ubuntu1~14.04.4) 
configure:4407: $? = 0
configure:4396: g++ -V >&5
g++: error: unrecognized command line option '-V'
g++: fatal error: no input files
compilation terminated.
configure:4407: $? = 4
configure:4396: g++ -qversion >&5
g++: error: unrecognized command line option '-qversion'
g++: fatal error: no input files
compilation terminated.
configure:4407: $? = 4
configure:4411: checking whether we are using the GNU C++ compiler
configure:4430: g++ -c   conftest.cpp >&5
configure:4430: $? = 0
configure:4439: result: yes
configure:4448: checking whether g++ accepts -g
configure:4468: g++ -c -g  conftest.cpp >&5
configure:4468: $? = 0
configure:4509: result: yes
configure:4537: checking how to run the C++ preprocessor
configure:4564: g++ -E  conftest.cpp
configure:4564: $? = 0
configure:4578: g++ -E  conftest.cpp
conftest.cpp:9:28: fatal error: ac_nonexistent.h: No such file or directory
 #include <ac_nonexistent.h>
                            ^
compilation terminated.
configure:4578: $? = 1
configure: failed program was:
| /* confdefs.h */
| #define PACKAGE_NAME ""
| #define PACKAGE_TARNAME ""
| #define PACKAGE_VERSION ""
| #define PACKAGE_STRING ""
| #define PACKAGE_BUGREPORT ""
| #define PACKAGE_URL ""
| /* end confdefs.h.  */
| #include <ac_nonexistent.h>
configure:4603: result: g++ -E
configure:4623: g++ -E  conftest.cpp
configure:4623: $? = 0
configure:4637: g++ -E  conftest.cpp
conftest.cpp:9:28: fatal error: ac_nonexistent.h: No such file or directory
 #include <ac_nonexistent.h>
                            ^
compilation terminated.
configure:4637: $? = 1
configure: failed program was:
| /* confdefs.h */
| #define PACKAGE_NAME ""
| #define PACKAGE_TARNAME ""
| #define PACKAGE_VERSION ""
| #define PACKAGE_STRING ""
| #define PACKAGE_BUGREPORT ""
| #define PACKAGE_URL ""
| /* end confdefs.h.  */
| #include <ac_nonexistent.h>
configure:5394: checking how to print strings
configure:5421: result: printf
configure:5442: checking for a sed that does not truncate output
configure:5506: result: /bin/sed
configure:5524: checking for fgrep
configure:5586: result: /bin/grep -F
configure:5621: checking for ld used by cc
configure:5688: result: /usr/bin/ld
configure:5695: checking if the linker (/usr/bin/ld) is GNU ld
configure:5710: result: yes
configure:5722: checking for BSD- or MS-compatible name lister (nm)
configure:5771: result: /usr/bin/nm -B
configure:5901: checking the name lister (/usr/bin/nm -B) interface
configure:5908: cc -c -g -O2  conftest.c >&5
configure:5911: /usr/bin/nm -B "conftest.o"
configure:5914: output
0000000000000000 B some_variable
configure:5921: result: BSD nm
configure:5924: checking whether ln -s works
configure:5928: result: yes
configure:5936: checking the maximum length of command line arguments
configure:6067: result: 1572864
configure:6084: checking whether the shell understands some XSI constructs
configure:6094: result: yes
configure:6098: checking whether the shell understands "+="
configure:6104: result: yes
configure:6139: checking how to convert x86_64-unknown-linux-gnu file names to x86_64-unknown-linux-gnu format
configure:6179: result: func_convert_file_noop
configure:6186: checking how to convert x86_64-unknown-linux-gnu file names to toolchain format
configure:6206: result: func_convert_file_noop
configure:6213: checking for /usr/bin/ld option to reload object files
configure:6220: result: -r
configure:6294: checking for objdump
configure:6310: found /usr/bin/objdump
configure:6321: result: objdump
configure:6353: checking how to recognize dependent libraries
configure:6551: result: pass_all
configure:6636: checking for dlltool
configure:6666: result: no
configure:6696: checking how to associate runtime and link libraries
configure:6723: result: printf %s\n
configure:6783: checking for ar
configure:6799: found /usr/bin/ar
configure:6810: result: ar
configure:6847: checking for archiver @FILE support
configure:6864: cc -c -g -O2  conftest.c >&5
configure:6864: $? = 0
configure:6867: ar cru libconftest.a @conftest.lst >&5
configure:6870: $? = 0
configure:6875: ar cru libconftest.a @conftest.lst >&5
ar: conftest.o: No such file or directory
configure:6878: $? = 1
configure:6890: result: @
configure:6948: checking for strip
configure:6964: found /usr/bin/strip
configure:6975: result: strip
configure:7047: checking for ranlib
configure:7063: found /usr/bin/ranlib
configure:7074: result: ranlib
configure:7151: checking for gawk
configure:7178: result: gawk
configure:7218: checking command to parse /usr/bin/nm -B output from cc object
configure:7338: cc -c -g -O2  conftest.c >&5
configure:7341: $? = 0
configure:7345: /usr/bin/nm -B conftest.o \| sed -n -e 's/^.*[ ]\([ABCDGIRSTW][ABCDGIRSTW]*\)[ ][ ]*\([_A-Za-z][_A-Za-z0-9]*\)$/\1 \2 \2/p' | sed '/ __gnu_lto/d' \> conftest.nm
configure:7348: $? = 0
configure:7414: cc -o conftest -g -O2   conftest.c conftstm.o >&5
configure:7417: $? = 0
configure:7455: result: ok
configure:7492: checking for sysroot
configure:7522: result: no
configure:7599: cc -c -g -O2  conftest.c >&5
configure:7602: $? = 0
configure:7791: checking for mt
configure:7807: found /bin/mt
configure:7818: result: mt
configure:7841: checking if mt is a manifest tool
configure:7847: mt '-?'
configure:7855: result: no
configure:8492: checking for ANSI C header files
configure:8512: cc -c -g -O2  conftest.c >&5
configure:8512: $? = 0
configure:8585: cc -o conftest -g -O2   conftest.c -lstdc++  >&5
configure:8585: $? = 0
configure:8585: ./conftest
configure:8585: $? = 0
configure:8596: result: yes
configure:8609: checking for sys/types.h
configure:8609: cc -c -g -O2  conftest.c >&5
configure:8609: $? = 0
configure:8609: result: yes
configure:8609: checking for sys/stat.h
configure:8609: cc -c -g -O2  conftest.c >&5
configure:8609: $? = 0
configure:8609: result: yes
configure:8609: checking for stdlib.h
configure:8609: cc -c -g -O2  conftest.c >&5
configure:8609: $? = 0
configure:8609: result: yes
configure:8609: checking for string.h
configure:8609: cc -c -g -O2  conftest.c >&5
configure:8609: $? = 0
configure:8609: result: yes
configure:8609: checking for memory.h
configure:8609: cc -c -g -O2  conftest.c >&5
configure:8609: $? = 0
configure:8609: result: yes
configure:8609: checking for strings.h
configure:8609: cc -c -g -O2  conftest.c >&5
configure:8609: $? = 0
configure:8609: result: yes
configure:8609: checking for inttypes.h
configure:8609: cc -c -g -O2  conftest.c >&5
configure:8609: $? = 0
configure:8609: result: yes
configure:8609: checking for stdint.h
configure:8609: cc -c -g -O2  conftest.c >&5
configure:8609: $? = 0
configure:8609: result: yes
configure:8609: checking for unistd.h
configure:8609: cc -c -g -O2  conftest.c >&5
configure:8609: $? = 0
configure:8609: result: yes
configure:8623: checking for dlfcn.h
configure:8623: cc -c -g -O2  conftest.c >&5
configure:8623: $? = 0
configure:8623: result: yes
configure:8840: checking for objdir
configure:8855: result: .libs
configure:9126: checking if cc supports -fno-rtti -fno-exceptions
configure:9144: cc -c -g -O2  -fno-rtti -fno-exceptions conftest.c >&5
cc1: warning: command line option '-fno-rtti' is valid for C++/ObjC++ but not for C [enabled by default]
configure:9148: $? = 0
configure:9161: result: no
configure:9488: checking for cc option to produce PIC
configure:9495: result: -fPIC -DPIC
configure:9503: checking if cc PIC flag -fPIC -DPIC works
configure:9521: cc -c -g -O2  -fPIC -DPIC -DPIC conftest.c >&5
configure:9525: $? = 0
configure:9538: result: yes
configure:9567: checking if cc static flag -static works
configure:9595: result: yes
configure:9610: checking if cc supports -c -o file.o
configure:9631: cc -c -g -O2  -o out/conftest2.o conftest.c >&5
configure:9635: $? = 0
configure:9657: result: yes
configure:9665: checking if cc supports -c -o file.o
configure:9712: result: yes
configure:9745: checking whether the cc linker (/usr/bin/ld -m elf_x86_64) supports shared libraries
configure:10902: result: yes
configure:10939: checking whether -lc should be explicitly linked in
configure:10947: cc -c -g -O2  conftest.c >&5
configure:10950: $? = 0
configure:10965: cc -shared  -fPIC -DPIC conftest.o  -v -Wl,-soname -Wl,conftest -o conftest 2\>\&1 \| /bin/grep  -lc  \>/dev/null 2\>\&1
configure:10968: $? = 0
configure:10982: result: no
configure:11142: checking dynamic linker characteristics
configure:11642: cc -o conftest -g -O2   -Wl,-rpath -Wl,/foo conftest.c -lstdc++  >&5
configure:11642: $? = 0
configure:11876: result: GNU/Linux ld.so
configure:11983: checking how to hardcode library paths into programs
configure:12008: result: immediate
configure:12548: checking whether stripping libraries is possible
configure:12553: result: yes
configure:12588: checking if libtool supports shared libraries
configure:12590: result: yes
configure:12593: checking whether to build shared libraries
configure:12614: result: yes
configure:12617: checking whether to build static libraries
configure:12621: result: no
configure:12644: checking how to run the C++ preprocessor
configure:12710: result: g++ -E
configure:12730: g++ -E  conftest.cpp
configure:12730: $? = 0
configure:12744: g++ -E  conftest.cpp
conftest.cpp:22:28: fatal error: ac_nonexistent.h: No such file or directory
 #include <ac_nonexistent.h>
                            ^
compilation terminated.
configure:12744: $? = 1
configure: failed program was:
| /* confdefs.h */
| #define PACKAGE_NAME ""
| #define PACKAGE_TARNAME ""
| #define PACKAGE_VERSION ""
| #define PACKAGE_STRING ""
| #define PACKAGE_BUGREPORT ""
| #define PACKAGE_URL ""
| #define COMPILE_DL_INTL 1
| #define STDC_HEADERS 1
| #define HAVE_SYS_TYPES_H 1
| #define HAVE_SYS_STAT_H 1
| #define HAVE_STDLIB_H 1
| #define HAVE_STRING_H 1
| #define HAVE_MEMORY_H 1
| #define HAVE_STRINGS_H 1
| #define HAVE_INTTYPES_H 1
| #define HAVE_STDINT_H 1
| #define HAVE_UNISTD_H 1
| #define HAVE_DLFCN_H 1
| #define LT_OBJDIR ".libs/"
| /* end confdefs.h.  */
| #include <ac_nonexistent.h>
configure:12913: checking for ld used by g++
configure:12980: result: /usr/bin/ld -m elf_x86_64
configure:12987: checking if the linker (/usr/bin/ld -m elf_x86_64) is GNU ld
configure:13002: result: yes
configure:13057: checking whether the g++ linker (/usr/bin/ld -m elf_x86_64) supports shared libraries
configure:14059: result: yes
configure:14095: g++ -c -g -O2  conftest.cpp >&5
configure:14098: $? = 0
configure:14618: checking for g++ option to produce PIC
configure:14625: result: -fPIC -DPIC
configure:14633: checking if g++ PIC flag -fPIC -DPIC works
configure:14651: g++ -c -g -O2  -fPIC -DPIC -DPIC conftest.cpp >&5
configure:14655: $? = 0
configure:14668: result: yes
configure:14691: checking if g++ static flag -static works
configure:14719: result: yes
configure:14731: checking if g++ supports -c -o file.o
configure:14752: g++ -c -g -O2  -o out/conftest2.o conftest.cpp >&5
configure:14756: $? = 0
configure:14778: result: yes
configure:14783: checking if g++ supports -c -o file.o
configure:14830: result: yes
configure:14860: checking whether the g++ linker (/usr/bin/ld -m elf_x86_64) supports shared libraries
configure:14899: result: yes
configure:15040: checking dynamic linker characteristics
configure:15708: result: GNU/Linux ld.so
configure:15761: checking how to hardcode library paths into programs
configure:15786: result: immediate
configure:16086: creating ./config.status

## ---------------------- ##
## Running config.status. ##
## ---------------------- ##

This file was extended by config.status, which was
generated by GNU Autoconf 2.69.  Invocation command line was

  CONFIG_FILES    = 
  CONFIG_HEADERS  = 
  CONFIG_LINKS    = 
  CONFIG_COMMANDS = 
  $ ./config.status 

on ip-172-31-29-243

config.status:942: creating config.h
config.status:1046: executing libtool commands

## ---------------- ##
## Cache variables. ##
## ---------------- ##

ac_cv_build=x86_64-unknown-linux-gnu
ac_cv_c_compiler_gnu=yes
ac_cv_cxx_compiler_gnu=yes
ac_cv_env_CCC_set=
ac_cv_env_CCC_value=
ac_cv_env_CC_set=
ac_cv_env_CC_value=
ac_cv_env_CFLAGS_set=
ac_cv_env_CFLAGS_value=
ac_cv_env_CPPFLAGS_set=
ac_cv_env_CPPFLAGS_value=
ac_cv_env_CPP_set=
ac_cv_env_CPP_value=
ac_cv_env_CXXCPP_set=
ac_cv_env_CXXCPP_value=
ac_cv_env_CXXFLAGS_set=
ac_cv_env_CXXFLAGS_value=
ac_cv_env_CXX_set=
ac_cv_env_CXX_value=
ac_cv_env_LDFLAGS_set=
ac_cv_env_LDFLAGS_value=
ac_cv_env_LIBS_set=
ac_cv_env_LIBS_value=
ac_cv_env_build_alias_set=
ac_cv_env_build_alias_value=
ac_cv_env_host_alias_set=
ac_cv_env_host_alias_value=
ac_cv_env_target_alias_set=
ac_cv_env_target_alias_value=
ac_cv_header_dlfcn_h=yes
ac_cv_header_inttypes_h=yes
ac_cv_header_memory_h=yes
ac_cv_header_stdc=yes
ac_cv_header_stdint_h=yes
ac_cv_header_stdlib_h=yes
ac_cv_header_string_h=yes
ac_cv_header_strings_h=yes
ac_cv_header_sys_stat_h=yes
ac_cv_header_sys_types_h=yes
ac_cv_header_unistd_h=yes
ac_cv_host=x86_64-unknown-linux-gnu
ac_cv_objext=o
ac_cv_path_EGREP='/bin/grep -E'
ac_cv_path_FGREP='/bin/grep -F'
ac_cv_path_GREP=/bin/grep
ac_cv_path_SED=/bin/sed
ac_cv_prog_AWK=gawk
ac_cv_prog_CPP='cc -E'
ac_cv_prog_CXXCPP='g++ -E'
ac_cv_prog_ac_ct_AR=ar
ac_cv_prog_ac_ct_CC=cc
ac_cv_prog_ac_ct_CXX=g++
ac_cv_prog_ac_ct_MANIFEST_TOOL=mt
ac_cv_prog_ac_ct_OBJDUMP=objdump
ac_cv_prog_ac_ct_RANLIB=ranlib
ac_cv_prog_ac_ct_STRIP=strip
ac_cv_prog_cc_c89=
ac_cv_prog_cc_cc_c_o=yes
ac_cv_prog_cc_g=yes
ac_cv_prog_cxx_g=yes
ac_cv_target=x86_64-unknown-linux-gnu
lt_cv_ar_at_file=@
lt_cv_archive_cmds_need_lc=no
lt_cv_deplibs_check_method=pass_all
lt_cv_file_magic_cmd='$MAGIC_CMD'
lt_cv_file_magic_test_file=
lt_cv_ld_reload_flag=-r
lt_cv_nm_interface='BSD nm'
lt_cv_objdir=.libs
lt_cv_path_LD=/usr/bin/ld
lt_cv_path_LDCXX='/usr/bin/ld -m elf_x86_64'
lt_cv_path_NM='/usr/bin/nm -B'
lt_cv_path_mainfest_tool=no
lt_cv_prog_compiler_c_o=yes
lt_cv_prog_compiler_c_o_CXX=yes
lt_cv_prog_compiler_pic='-fPIC -DPIC'
lt_cv_prog_compiler_pic_CXX='-fPIC -DPIC'
lt_cv_prog_compiler_pic_works=yes
lt_cv_prog_compiler_pic_works_CXX=yes
lt_cv_prog_compiler_rtti_exceptions=no
lt_cv_prog_compiler_static_works=yes
lt_cv_prog_compiler_static_works_CXX=yes
lt_cv_prog_gnu_ld=yes
lt_cv_prog_gnu_ldcxx=yes
lt_cv_sharedlib_from_linklib_cmd='printf %s\n'
lt_cv_shlibpath_overrides_runpath=no
lt_cv_sys_global_symbol_pipe='sed -n -e '\''s/^.*[	 ]\([ABCDGIRSTW][ABCDGIRSTW]*\)[	 ][	 ]*\([_A-Za-z][_A-Za-z0-9]*\)$/\1 \2 \2/p'\'' | sed '\''/ __gnu_lto/d'\'''
lt_cv_sys_global_symbol_to_c_name_address='sed -n -e '\''s/^: \([^ ]*\)[ ]*$/  {\"\1\", (void *) 0},/p'\'' -e '\''s/^[ABCDGIRSTW]* \([^ ]*\) \([^ ]*\)$/  {"\2", (void *) \&\2},/p'\'''
lt_cv_sys_global_symbol_to_c_name_address_lib_prefix='sed -n -e '\''s/^: \([^ ]*\)[ ]*$/  {\"\1\", (void *) 0},/p'\'' -e '\''s/^[ABCDGIRSTW]* \([^ ]*\) \(lib[^ ]*\)$/  {"\2", (void *) \&\2},/p'\'' -e '\''s/^[ABCDGIRSTW]* \([^ ]*\) \([^ ]*\)$/  {"lib\2", (void *) \&\2},/p'\'''
lt_cv_sys_global_symbol_to_cdecl='sed -n -e '\''s/^T .* \(.*\)$/extern int \1();/p'\'' -e '\''s/^[ABCDGIRSTW]* .* \(.*\)$/extern char \1;/p'\'''
lt_cv_sys_max_cmd_len=1572864
lt_cv_to_host_file_cmd=func_convert_file_noop
lt_cv_to_tool_file_cmd=func_convert_file_noop
php_cv_cc_dashr=no
php_cv_cc_rpath=yes

## ----------------- ##
## Output variables. ##
## ----------------- ##

AR='ar'
AWK='gawk'
CC='cc'
CFLAGS='-g -O2'
CONFIGURE_COMMAND=' '\''./configure'\''  '\''--with-php-config=/usr/bin/php-config'\'' '\''--with-icu-dir=/home/ubuntu/icu58'\'''
CONFIGURE_OPTIONS=' '\''--with-php-config=/usr/bin/php-config'\'' '\''--with-icu-dir=/home/ubuntu/icu58'\'''
CPP='cc -E'
CPPFLAGS=' -DHAVE_CONFIG_H'
CXX='g++'
CXXCPP='g++ -E'
CXXFLAGS='-g -O2'
DEFS='-DHAVE_CONFIG_H'
DLLTOOL='false'
DSYMUTIL=''
DUMPBIN=''
ECHO_C=''
ECHO_N='-n'
ECHO_T=''
EGREP='/bin/grep -E'
EXEEXT=''
FGREP='/bin/grep -F'
GREP='/bin/grep'
ICU_CONFIG='/home/ubuntu/icu58/bin/icu-config'
LD='/usr/bin/ld -m elf_x86_64'
LDFLAGS=''
LIBOBJS=''
LIBS='-lstdc++ '
LIBTOOL='$(SHELL) $(top_builddir)/libtool'
LIPO=''
LN_S='ln -s'
LTLIBOBJS=''
MANIFEST_TOOL=':'
NM='/usr/bin/nm -B'
NMEDIT=''
OBJDUMP='objdump'
OBJEXT='o'
OTOOL64=''
OTOOL=''
PACKAGE_BUGREPORT=''
PACKAGE_NAME=''
PACKAGE_STRING=''
PACKAGE_TARNAME=''
PACKAGE_URL=''
PACKAGE_VERSION=''
PATH_SEPARATOR=':'
RANLIB='ranlib'
RE2C='exit 0;'
SED='/bin/sed'
SHELL='/bin/bash'
SHLIB_DL_SUFFIX_NAME='so'
SHLIB_SUFFIX_NAME='so'
STRIP='strip'
ac_ct_AR='ar'
ac_ct_CC='cc'
ac_ct_CXX='g++'
ac_ct_DUMPBIN=''
bindir='${exec_prefix}/bin'
build='x86_64-unknown-linux-gnu'
build_alias=''
build_cpu='x86_64'
build_os='linux-gnu'
build_vendor='unknown'
datadir='${datarootdir}'
datarootdir='${prefix}/share'
docdir='${datarootdir}/doc/${PACKAGE}'
dvidir='${docdir}'
exec_prefix='$(prefix)'
host='x86_64-unknown-linux-gnu'
host_alias='x86_64-unknown-linux-gnu'
host_cpu='x86_64'
host_os='linux-gnu'
host_vendor='unknown'
htmldir='${docdir}'
includedir='${prefix}/include'
infodir='${datarootdir}/info'
libdir='${exec_prefix}/lib'
libexecdir='${exec_prefix}/libexec'
localedir='${datarootdir}/locale'
localstatedir='${prefix}/var'
mandir='${datarootdir}/man'
oldincludedir='/usr/include'
pdfdir='${docdir}'
prefix='/usr'
program_transform_name='s,x,x,'
psdir='${docdir}'
sbindir='${exec_prefix}/sbin'
sharedstatedir='${prefix}/com'
sysconfdir='${prefix}/etc'
target='x86_64-unknown-linux-gnu'
target_alias=''
target_cpu='x86_64'
target_os='linux-gnu'
target_vendor='unknown'

## ----------- ##
## confdefs.h. ##
## ----------- ##

/* confdefs.h */
#define PACKAGE_NAME ""
#define PACKAGE_TARNAME ""
#define PACKAGE_VERSION ""
#define PACKAGE_STRING ""
#define PACKAGE_BUGREPORT ""
#define PACKAGE_URL ""
#define COMPILE_DL_INTL 1
#define STDC_HEADERS 1
#define HAVE_SYS_TYPES_H 1
#define HAVE_SYS_STAT_H 1
#define HAVE_STDLIB_H 1
#define HAVE_STRING_H 1
#define HAVE_MEMORY_H 1
#define HAVE_STRINGS_H 1
#define HAVE_INTTYPES_H 1
#define HAVE_STDINT_H 1
#define HAVE_UNISTD_H 1
#define HAVE_DLFCN_H 1
#define LT_OBJDIR ".libs/"

configure: exit 0
